0 info it worked if it ends with ok
1 verbose cli [ 'D:\\Program Files\\nodejs\\node.exe',
1 verbose cli   'D:\\Program Files\\nodejs\\node_modules\\npm\\bin\\npm-cli.js',
1 verbose cli   'start' ]
2 info using npm@3.6.0
3 info using node@v5.6.0
4 verbose run-script [ 'prestart', 'start', 'poststart' ]
5 info lifecycle multisting@1.0.0~prestart: multisting@1.0.0
6 silly lifecycle multisting@1.0.0~prestart: no script for prestart, continuing
7 info lifecycle multisting@1.0.0~start: multisting@1.0.0
8 verbose lifecycle multisting@1.0.0~start: unsafe-perm in lifecycle true
9 verbose lifecycle multisting@1.0.0~start: PATH: D:\Program Files\nodejs\node_modules\npm\bin\node-gyp-bin;D:\Dev\Github\multisting\node_modules\.bin;C:\Users\godfreb\bin;D:\Program Files\Git\mingw64\bin;D:\Program Files\Git\usr\local\bin;D:\Program Files\Git\usr\bin;D:\Program Files\Git\usr\bin;D:\Program Files\Git\mingw64\bin;D:\Program Files\Git\usr\bin;C:\Users\godfreb\bin;C:\WINDOWS\system32;C:\WINDOWS;C:\WINDOWS\System32\Wbem;C:\WINDOWS\System32\WindowsPowerShell\v1.0;C:\Program Files\Common Files\Autodesk Shared;C:\Program Files (x86)\Autodesk\Backburner;C:\Users\godfreb\.dnx\bin;C:\Program Files\Microsoft DNX\Dnvm;D:\Program Files\nodejs;C:\Program Files (x86)\Windows Kits\8.1\Windows Performance Toolkit;C:\Program Files (x86)\AMD\ATI.ACE\Core-Static;C:\Program Files (x86)\CMake\bin;C:\Program Files\Microsoft\Web Platform Installer;C:\Program Files (x86)\Microsoft ASP.NET\ASP.NET Web Pages\v1.0;C:\Program Files\Microsoft SQL Server\110\Tools\Binn;C:\Program Files (x86)\Lua\5.1;C:\Program Files (x86)\Lua\5.1\clibs;C:\Program Files (x86)\GtkSharp\2.12\bin;D:\Program Files\Git\cmd;C:\Python34;C:\Program Files (x86)\CMake\bin;C:\Python27\Scripts;C:\Users\godfreb\AppData\Local\Programs\Python\Python35-32;D:\Program Files (x86)\Microsoft VS Code\bin;C:\Users\godfreb\AppData\Roaming\npm;C:\Ruby22-x64\bin;C:\Program Files (x86)\CMake\bin;C:\MinGW\bin;C:\Lua\bin;D:\Program Files\Git\mingw64;C:\Program Files (x86)\LuaRocks;C:\Program Files (x86)\Microsoft Visual Studio 14.0\VC\bin;C:\Users\godfreb\AppData\Local\Box\Box Edit;D:\Program Files\Heroku\bin;D:\Program Files\Git\usr\bin\vendor_perl;D:\Program Files\Git\usr\bin\core_perl
10 verbose lifecycle multisting@1.0.0~start: CWD: D:\Dev\Github\multisting
11 silly lifecycle multisting@1.0.0~start: Args: [ '/d /s /c', 'node server.js' ]
12 silly lifecycle multisting@1.0.0~start: Returned: code: 1  signal: null
13 info lifecycle multisting@1.0.0~start: Failed to exec start script
14 verbose stack Error: multisting@1.0.0 start: `node server.js`
14 verbose stack Exit status 1
14 verbose stack     at EventEmitter.<anonymous> (D:\Program Files\nodejs\node_modules\npm\lib\utils\lifecycle.js:232:16)
14 verbose stack     at emitTwo (events.js:100:13)
14 verbose stack     at EventEmitter.emit (events.js:185:7)
14 verbose stack     at ChildProcess.<anonymous> (D:\Program Files\nodejs\node_modules\npm\lib\utils\spawn.js:24:14)
14 verbose stack     at emitTwo (events.js:100:13)
14 verbose stack     at ChildProcess.emit (events.js:185:7)
14 verbose stack     at maybeClose (internal/child_process.js:827:16)
14 verbose stack     at Process.ChildProcess._handle.onexit (internal/child_process.js:211:5)
15 verbose pkgid multisting@1.0.0
16 verbose cwd D:\Dev\Github\multisting
17 error Windows_NT 6.1.7601
18 error argv "D:\\Program Files\\nodejs\\node.exe" "D:\\Program Files\\nodejs\\node_modules\\npm\\bin\\npm-cli.js" "start"
19 error node v5.6.0
20 error npm  v3.6.0
21 error code ELIFECYCLE
22 error multisting@1.0.0 start: `node server.js`
22 error Exit status 1
23 error Failed at the multisting@1.0.0 start script 'node server.js'.
23 error Make sure you have the latest version of node.js and npm installed.
23 error If you do, this is most likely a problem with the multisting package,
23 error not with npm itself.
23 error Tell the author that this fails on your system:
23 error     node server.js
23 error You can get information on how to open an issue for this project with:
23 error     npm bugs multisting
23 error Or if that isn't available, you can get their info via:
23 error     npm owner ls multisting
23 error There is likely additional logging output above.
24 verbose exit [ 1, true ]
